PLINK v1.9.0-b.7.6 64-bit (13 Oct 2024)
Options in effect:
  --file toy
  --freq
  --out toy_analysis

Hostname: GARDSHP
Working directory: C:\Users\gard_\Documents\plink_win64_20241013
Start time: Wed Oct 16 14:26:11 2024

Random number seed: 1729081571
32120 MB RAM detected; reserving 16060 MB for main workspace.
Scanning .ped file... done.
Performing single-pass .bed write (2 variants, 2 people).
--file: toy_analysis-temporary.bed + toy_analysis-temporary.bim +
toy_analysis-temporary.fam written.
2 variants loaded from .bim file.
2 people (2 males, 0 females) loaded from .fam.
2 phenotype values loaded from .fam.
Using 1 thread (no multithreaded calculations invoked).
Before main variant filters, 2 founders and 0 nonfounders present.
Calculating allele frequencies... done.
Total genotyping rate is 0.75.
--freq: Allele frequencies (founders only) written to toy_analysis.frq .

End time: Wed Oct 16 14:26:11 2024
